[2015/07/16 20:40:21][info] Performing Backup for 'Westworth Production daily database backups (westworth_prod_backup)'!
[2015/07/16 20:40:21][info] [ backup 4.1.10 : ruby 2.2.0p0 (2014-12-25 revision 49005) [x86_64-darwin14] ]
[2015/07/16 20:40:21][info] Database::PostgreSQL (westworth) Started...
[2015/07/16 20:40:21][info] Using Compressor::Gzip for compression.
[2015/07/16 20:40:21][info]   Command: '/usr/bin/gzip -9'
[2015/07/16 20:40:21][info]   Ext: '.gz'
[2015/07/16 20:40:25][info] Database::PostgreSQL (westworth) Finished!
[2015/07/16 20:40:25][info] Packaging the backup files...
[2015/07/16 20:40:25][info] Splitter configured with a chunk size of 250MB and suffix length of 3.
[2015/07/16 20:40:25][info] Packaging Complete!
[2015/07/16 20:40:25][info] Cleaning up the temporary files...
[2015/07/16 20:40:25][info] Storage::SCP (westworth) Started...
[2015/07/16 20:40:26][info] Storing '25.134.149.106:backups/#<Backup::Storage::SCP:0x007fc4e5184050>/westworth_prod_backup/2015.07.16.20.40.21/westworth_prod_backup.tar'...
[2015/07/16 20:40:26][info] Cycling Started...
[2015/07/16 20:40:26][info] Storage::SCP (westworth) Finished!
[2015/07/16 20:40:26][info] Cleaning up the package files...
[2015/07/16 20:40:26][info] Backup for 'Westworth Production daily database backups (westworth_prod_backup)' Completed Successfully in 00:00:05
[2015/07/16 20:40:26][info] Sending notification using Notifier::Mail...
[2015/07/16 20:41:57][info] Performing Backup for 'Westworth Production daily database backups (westworth_prod_backup)'!
[2015/07/16 20:41:57][info] [ backup 4.1.10 : ruby 2.2.0p0 (2014-12-25 revision 49005) [x86_64-darwin14] ]
[2015/07/16 20:41:57][info] Database::PostgreSQL (westworth) Started...
[2015/07/16 20:41:57][info] Using Compressor::Gzip for compression.
[2015/07/16 20:41:57][info]   Command: '/usr/bin/gzip -9'
[2015/07/16 20:41:57][info]   Ext: '.gz'
[2015/07/16 20:42:01][info] Database::PostgreSQL (westworth) Finished!
[2015/07/16 20:42:01][info] Packaging the backup files...
[2015/07/16 20:42:01][info] Splitter configured with a chunk size of 250MB and suffix length of 3.
[2015/07/16 20:42:01][info] Packaging Complete!
[2015/07/16 20:42:01][info] Cleaning up the temporary files...
[2015/07/16 20:42:01][info] Storage::SCP (westworth) Started...
[2015/07/16 20:42:01][info] Storing '25.134.149.106:backups/#<Backup::Storage::SCP:0x007fe93448d0a8>/westworth_prod_backup/2015.07.16.20.41.57/westworth_prod_backup.tar'...
[2015/07/16 20:42:01][info] Cycling Started...
[2015/07/16 20:42:01][info] Storage::SCP (westworth) Finished!
[2015/07/16 20:42:01][info] Cleaning up the package files...
[2015/07/16 20:42:01][info] Backup for 'Westworth Production daily database backups (westworth_prod_backup)' Completed Successfully in 00:00:04
[2015/07/16 20:42:01][info] Sending notification using Notifier::Mail...
[2015/07/16 20:47:43][info] Performing Backup for 'Westworth Production daily database backups (westworth_prod_backup)'!
[2015/07/16 20:47:43][info] [ backup 4.1.10 : ruby 2.2.0p0 (2014-12-25 revision 49005) [x86_64-darwin14] ]
[2015/07/16 20:47:43][info] Database::PostgreSQL (westworth) Started...
[2015/07/16 20:47:43][info] Using Compressor::Gzip for compression.
[2015/07/16 20:47:43][info]   Command: '/usr/bin/gzip -9'
[2015/07/16 20:47:43][info]   Ext: '.gz'
[2015/07/16 20:47:46][info] Database::PostgreSQL (westworth) Finished!
[2015/07/16 20:47:46][info] Packaging the backup files...
[2015/07/16 20:47:46][info] Splitter configured with a chunk size of 250MB and suffix length of 3.
[2015/07/16 20:47:46][info] Packaging Complete!
[2015/07/16 20:47:46][info] Cleaning up the temporary files...
[2015/07/16 20:47:46][info] Storage::SCP (westworth) Started...
[2015/07/16 20:47:47][info] Storing '25.134.149.106:backups/#<Backup::Storage::SCP:0x007fb395a6dbf0>/westworth_prod_backup/2015.07.16.20.47.43/westworth_prod_backup.tar'...
[2015/07/16 20:47:47][info] Cycling Started...
[2015/07/16 20:47:47][info] Storage::SCP (westworth) Finished!
[2015/07/16 20:47:47][info] Cleaning up the package files...
[2015/07/16 20:47:47][info] Backup for 'Westworth Production daily database backups (westworth_prod_backup)' Completed Successfully in 00:00:04
[2015/07/16 20:47:47][info] Sending notification using Notifier::Mail...
[2015/07/16 20:47:48][info] Performing Backup for 'Westworth Production daily database backups (westworth_prod_backup)'!
[2015/07/16 20:47:48][info] [ backup 4.1.10 : ruby 2.2.0p0 (2014-12-25 revision 49005) [x86_64-darwin14] ]
[2015/07/16 20:47:48][info] Database::PostgreSQL (westworth) Started...
[2015/07/16 20:47:48][info] Using Compressor::Gzip for compression.
[2015/07/16 20:47:48][info]   Command: '/usr/bin/gzip -9'
[2015/07/16 20:47:48][info]   Ext: '.gz'
[2015/07/16 20:47:52][info] Database::PostgreSQL (westworth) Finished!
[2015/07/16 20:47:52][info] Packaging the backup files...
[2015/07/16 20:47:52][info] Splitter configured with a chunk size of 250MB and suffix length of 3.
[2015/07/16 20:47:52][info] Packaging Complete!
[2015/07/16 20:47:52][info] Cleaning up the temporary files...
[2015/07/16 20:47:52][info] Storage::SCP (westworth) Started...
[2015/07/16 20:47:52][info] Storing '25.134.149.106:backups/#<Backup::Storage::SCP:0x007fb3949e5d50>/westworth_prod_backup/2015.07.16.20.47.48/westworth_prod_backup.tar'...
[2015/07/16 20:47:52][info] Cycling Started...
[2015/07/16 20:47:52][info] Storage::SCP (westworth) Finished!
[2015/07/16 20:47:52][info] Cleaning up the package files...
[2015/07/16 20:47:52][info] Backup for 'Westworth Production daily database backups (westworth_prod_backup)' Completed Successfully in 00:00:04
[2015/07/16 20:47:52][info] Sending notification using Notifier::Mail...
